<?xml version="1.0" encoding="UTF-8"?>
<testng-results ignored="0" total="2" passed="2" failed="0" skipped="0">
  <reporter-output>
  </reporter-output>
  <suite started-at="2023-04-16T00:18:16 PST" name="LoginPageSuite" finished-at="2023-04-16T00:18:24 PST" duration-ms="8459">
    <groups>
    </groups>
    <test started-at="2023-04-16T00:18:16 PST" name="LoginPageTest" finished-at="2023-04-16T00:18:24 PST" duration-ms="8459">
      <class name="LoginPage.TS_LOGIN_PAGE_01">
        <test-method signature="TC_LP_00()[pri:0, instance:LoginPage.TS_LOGIN_PAGE_01@534a5a98]" started-at="2023-04-16T00:18:16 PST" name="TC_LP_00" finished-at="2023-04-16T00:18:21 PST" duration-ms="4875" status="PASS">
          <reporter-output>
          </reporter-output>
        </test-method> <!-- TC_LP_00 -->
        <test-method signature="TC_LP_01()[pri:0, instance:LoginPage.TS_LOGIN_PAGE_01@534a5a98]" started-at="2023-04-16T00:18:21 PST" name="TC_LP_01" finished-at="2023-04-16T00:18:24 PST" duration-ms="3505" status="PASS">
          <reporter-output>
          </reporter-output>
        </test-method> <!-- TC_LP_01 -->
      </class> <!-- LoginPage.TS_LOGIN_PAGE_01 -->
    </test> <!-- LoginPageTest -->
  </suite> <!-- LoginPageSuite -->
</testng-results>
