<?xml version="1.0" encoding="UTF-8"?>
<testng-results ignored="0" total="1" passed="1" failed="0" skipped="0">
  <reporter-output>
  </reporter-output>
  <suite started-at="2023-04-15T23:50:42 PST" name="Suite" finished-at="2023-04-15T23:50:47 PST" duration-ms="4944">
    <groups>
    </groups>
    <test started-at="2023-04-15T23:50:42 PST" name="Test" finished-at="2023-04-15T23:50:47 PST" duration-ms="4944">
      <class name="LoginPage.TS_LOGIN_PAGE_01">
        <test-method signature="TC_LP_00()[pri:0, instance:LoginPage.TS_LOGIN_PAGE_01@783a467b]" started-at="2023-04-15T23:50:42 PST" name="TC_LP_00" finished-at="2023-04-15T23:50:47 PST" duration-ms="4870" status="PASS">
          <reporter-output>
          </reporter-output>
        </test-method> <!-- TC_LP_00 -->
      </class> <!-- LoginPage.TS_LOGIN_PAGE_01 -->
    </test> <!-- Test -->
  </suite> <!-- Suite -->
</testng-results>
